{
  "RSpec": {
    "coverage": {
      "/Users/student/Dropbox/LUCYLAND/Coding Lucy/MAKERS/Makers_Onsite/Week10/bank_tech_test/spec/account_spec.rb": [
        null,
        null,
        1,
        null,
        1,
        1,
        6,
        6,
        6,
        6,
        null,
        null,
        1,
        1,
        1,
        1,
        null,
        null,
        1,
        1,
        1,
        null,
        null,
        null,
        1,
        1,
        1,
        1,
        null,
        null,
        1,
        1,
        1,
        null,
        null,
        null,
        1,
        1,
        1,
        null,
        null,
        null,
        1,
        1,
        1,
        1,
        1,
        null,
        null,
        null
      ],
      "/Users/student/Dropbox/LUCYLAND/Coding Lucy/MAKERS/Makers_Onsite/Week10/bank_tech_test/lib/account.rb": [
        null,
        null,
        1,
        1,
        null,
        1,
        6,
        6,
        6,
        null,
        null,
        1,
        3,
        3,
        3,
        null,
        null,
        1,
        3,
        3,
        3,
        null,
        null,
        1,
        1,
        null,
        null,
        1,
        null,
        1,
        6,
        null,
        null,
        null,
        null,
        null,
        1,
        6,
        null,
        null
      ],
      "/Users/student/Dropbox/LUCYLAND/Coding Lucy/MAKERS/Makers_Onsite/Week10/bank_tech_test/spec/balance_spec.rb": [
        null,
        null,
        1,
        null,
        1,
        1,
        3,
        null,
        null,
        1,
        1,
        1,
        null,
        null,
        null,
        1,
        1,
        1,
        1,
        null,
        null,
        null,
        1,
        1,
        1,
        1,
        null,
        null,
        null
      ],
      "/Users/student/Dropbox/LUCYLAND/Coding Lucy/MAKERS/Makers_Onsite/Week10/bank_tech_test/lib/balance.rb": [
        null,
        null,
        1,
        1,
        null,
        1,
        9,
        null,
        null,
        1,
        4,
        null,
        null,
        1,
        4,
        null,
        null
      ],
      "/Users/student/Dropbox/LUCYLAND/Coding Lucy/MAKERS/Makers_Onsite/Week10/bank_tech_test/spec/bank_statement_creator_spec.rb": [
        null,
        null,
        1,
        null,
        1,
        1,
        4,
        null,
        null,
        1,
        1,
        1,
        2,
        null,
        null,
        1,
        1,
        1,
        2,
        null,
        null,
        1,
        1,
        1,
        2,
        null,
        null,
        1,
        null,
        1,
        null,
        null,
        1,
        2,
        null,
        null,
        null
      ],
      "/Users/student/Dropbox/LUCYLAND/Coding Lucy/MAKERS/Makers_Onsite/Week10/bank_tech_test/lib/bank_statement_creator.rb": [
        null,
        null,
        1,
        1,
        4,
        4,
        null,
        null,
        1,
        null,
        1,
        4,
        null,
        null,
        1,
        4,
        2,
        2,
        2,
        null,
        null,
        null,
        1,
        8,
        null,
        null
      ]
    },
    "timestamp": 1564479143
  }
}
